<?xml version="1.0" ?>
<!DOCTYPE coverage SYSTEM "http://cobertura.sourceforge.net/xml/coverage-04.dtd">
<coverage lines-valid="57"  lines-covered="41"  line-rate="0.7193"  branches-valid="44"  branches-covered="34"  branch-rate="0.7726999999999999"  timestamp="1461935409698" complexity="0" version="0.1">
<sources>
	<source>/Users/tom/dev/playground</source>
</sources>
<packages>
	<package name="components.clicker"  line-rate="0.5714"  branch-rate="1" >
	<classes>
		<class name="index.js"  filename="src/components/clicker/index.js"  line-rate="0.5714"  branch-rate="1" >
		<methods>
			<method name="_interopRequireDefault"  hits="7"  signature="()V" >
				<lines><line number="44"  hits="7" /></lines>
			</method>
			<method name="mapStateToProps"  hits="0"  signature="()V" >
				<lines><line number="46"  hits="0" /></lines>
			</method>
			<method name="mapDispatchToProps"  hits="0"  signature="()V" >
				<lines><line number="52"  hits="0" /></lines>
			</method>
			<method name="(anonymous_4)"  hits="1"  signature="()V" >
				<lines><line number="56"  hits="1" /></lines>
			</method>
			<method name="Clicker"  hits="1"  signature="()V" >
				<lines><line number="59"  hits="1" /></lines>
			</method>
			<method name="render"  hits="1"  signature="()V" >
				<lines><line number="66"  hits="1" /></lines>
			</method>
			<method name="onClick"  hits="0"  signature="()V" >
				<lines><line number="81"  hits="0" /></lines>
			</method>
		</methods>
		<lines>
			<line number="0"  hits="7"  branch="false" />
			<line number="1"  hits="1"  branch="false" />
			<line number="2"  hits="1"  branch="false" />
			<line number="3"  hits="1"  branch="false" />
			<line number="5"  hits="1"  branch="false" />
			<line number="7"  hits="1"  branch="false" />
			<line number="9"  hits="1"  branch="false" />
			<line number="10"  hits="0"  branch="false" />
			<line number="15"  hits="1"  branch="false" />
			<line number="16"  hits="0"  branch="false" />
			<line number="26"  hits="0"  branch="false" />
			<line number="27"  hits="0"  branch="false" />
			<line number="33"  hits="0"  branch="false" />
			<line number="34"  hits="0"  branch="false" />
		</lines>
		</class>
	</classes>
	</package>
	<package name="components.footer"  line-rate="0.8332999999999999"  branch-rate="1" >
	<classes>
		<class name="index.js"  filename="src/components/footer/index.js"  line-rate="0.8332999999999999"  branch-rate="1" >
		<methods>
			<method name="_interopRequireDefault"  hits="4"  signature="()V" >
				<lines><line number="23"  hits="4" /></lines>
			</method>
			<method name="(anonymous_2)"  hits="0"  signature="()V" >
				<lines><line number="25"  hits="0" /></lines>
			</method>
		</methods>
		<lines>
			<line number="0"  hits="4"  branch="false" />
			<line number="1"  hits="1"  branch="false" />
			<line number="2"  hits="1"  branch="false" />
			<line number="3"  hits="1"  branch="false" />
			<line number="4"  hits="1"  branch="false" />
			<line number="6"  hits="0"  branch="false" />
		</lines>
		</class>
	</classes>
	</package>
	<package name="components.navbar"  line-rate="0.8"  branch-rate="1" >
	<classes>
		<class name="index.js"  filename="src/components/navbar/index.js"  line-rate="0.8"  branch-rate="1" >
		<methods>
			<method name="_interopRequireDefault"  hits="2"  signature="()V" >
				<lines><line number="17"  hits="2" /></lines>
			</method>
			<method name="(anonymous_2)"  hits="0"  signature="()V" >
				<lines><line number="19"  hits="0" /></lines>
			</method>
		</methods>
		<lines>
			<line number="0"  hits="2"  branch="false" />
			<line number="1"  hits="1"  branch="false" />
			<line number="2"  hits="1"  branch="false" />
			<line number="3"  hits="1"  branch="false" />
			<line number="5"  hits="0"  branch="false" />
		</lines>
		</class>
	</classes>
	</package>
	<package name="redux"  line-rate="0.5556"  branch-rate="0.2857" >
	<classes>
		<class name="clicker.js"  filename="src/redux/clicker.js"  line-rate="0.5"  branch-rate="0" >
		<methods>
			<method name="clicker"  hits="0"  signature="()V" >
				<lines><line number="10"  hits="0" /></lines>
			</method>
			<method name="click"  hits="0"  signature="()V" >
				<lines><line number="21"  hits="0" /></lines>
			</method>
		</methods>
		<lines>
			<line number="0"  hits="1"  branch="false" />
			<line number="1"  hits="1"  branch="false" />
			<line number="3"  hits="1"  branch="false" />
			<line number="4"  hits="0"  branch="false" />
			<line number="5"  hits="0"  branch="false" />
			<line number="8"  hits="0"  branch="false" />
			<line number="11"  hits="1"  branch="true"  condition-coverage="0% (0/4)" />
			<line number="12"  hits="0"  branch="true"  condition-coverage="0% (0/4)" />
		</lines>
		</class>
		<class name="reducers.js"  filename="src/redux/reducers.js"  line-rate="1"  branch-rate="1" >
		<methods>
			<method name="_interopRequireDefault"  hits="1"  signature="()V" >
				<lines><line number="12"  hits="1" /></lines>
			</method>
		</methods>
		<lines>
			<line number="0"  hits="1"  branch="false" />
		</lines>
		</class>
	</classes>
	</package>
	<package name="routes"  line-rate="0.8571"  branch-rate="1" >
	<classes>
		<class name="index.js"  filename="src/routes/index.js"  line-rate="0.8571"  branch-rate="1" >
		<methods>
			<method name="_interopRequireDefault"  hits="4"  signature="()V" >
				<lines><line number="25"  hits="4" /></lines>
			</method>
			<method name="(anonymous_2)"  hits="0"  signature="()V" >
				<lines><line number="27"  hits="0" /></lines>
			</method>
		</methods>
		<lines>
			<line number="0"  hits="4"  branch="false" />
			<line number="1"  hits="1"  branch="false" />
			<line number="2"  hits="1"  branch="false" />
			<line number="4"  hits="1"  branch="false" />
			<line number="5"  hits="1"  branch="false" />
			<line number="6"  hits="1"  branch="false" />
			<line number="8"  hits="0"  branch="false" />
		</lines>
		</class>
	</classes>
	</package>
	<package name="screens.about"  line-rate="0.75"  branch-rate="1" >
	<classes>
		<class name="index.js"  filename="src/screens/about/index.js"  line-rate="0.75"  branch-rate="1" >
		<methods>
			<method name="_interopRequireDefault"  hits="7"  signature="()V" >
				<lines><line number="36"  hits="7" /></lines>
			</method>
			<method name="(anonymous_2)"  hits="1"  signature="()V" >
				<lines><line number="41"  hits="1" /></lines>
			</method>
			<method name="About"  hits="1"  signature="()V" >
				<lines><line number="44"  hits="1" /></lines>
			</method>
			<method name="render"  hits="1"  signature="()V" >
				<lines><line number="51"  hits="1" /></lines>
			</method>
		</methods>
		<lines>
			<line number="0"  hits="7"  branch="false" />
			<line number="3"  hits="1"  branch="false" />
			<line number="4"  hits="1"  branch="false" />
			<line number="8"  hits="0"  branch="false" />
		</lines>
		</class>
	</classes>
	</package>
	<package name="screens.app"  line-rate="0.8571"  branch-rate="1" >
	<classes>
		<class name="index.js"  filename="src/screens/app/index.js"  line-rate="0.8571"  branch-rate="1" >
		<methods>
			<method name="_interopRequireDefault"  hits="10"  signature="()V" >
				<lines><line number="52"  hits="10" /></lines>
			</method>
			<method name="(anonymous_2)"  hits="1"  signature="()V" >
				<lines><line number="54"  hits="1" /></lines>
			</method>
			<method name="App"  hits="1"  signature="()V" >
				<lines><line number="57"  hits="1" /></lines>
			</method>
			<method name="render"  hits="1"  signature="()V" >
				<lines><line number="64"  hits="1" /></lines>
			</method>
		</methods>
		<lines>
			<line number="0"  hits="10"  branch="false" />
			<line number="3"  hits="1"  branch="false" />
			<line number="4"  hits="1"  branch="false" />
			<line number="6"  hits="1"  branch="false" />
			<line number="7"  hits="1"  branch="false" />
			<line number="8"  hits="1"  branch="false" />
			<line number="16"  hits="0"  branch="false" />
		</lines>
		</class>
	</classes>
	</package>
	<package name="screens.start"  line-rate="0.8"  branch-rate="1" >
	<classes>
		<class name="index.js"  filename="src/screens/start/index.js"  line-rate="0.8"  branch-rate="1" >
		<methods>
			<method name="_interopRequireDefault"  hits="8"  signature="()V" >
				<lines><line number="40"  hits="8" /></lines>
			</method>
			<method name="(anonymous_2)"  hits="1"  signature="()V" >
				<lines><line number="42"  hits="1" /></lines>
			</method>
			<method name="Start"  hits="1"  signature="()V" >
				<lines><line number="45"  hits="1" /></lines>
			</method>
			<method name="render"  hits="1"  signature="()V" >
				<lines><line number="52"  hits="1" /></lines>
			</method>
		</methods>
		<lines>
			<line number="0"  hits="8"  branch="false" />
			<line number="3"  hits="1"  branch="false" />
			<line number="5"  hits="1"  branch="false" />
			<line number="7"  hits="1"  branch="false" />
			<line number="11"  hits="0"  branch="false" />
		</lines>
		</class>
	</classes>
	</package>
</packages>
</coverage>
